Compilation failed:
    source file: 'C:/Users/arinz/Desktop/2016-2017/Projects/Github/PersonalProjects/Post_MASLAB_Play/Classifiers/Blocks/opencv/cmake/checks/cxx11.cpp'
    check option: ''
===== BUILD LOG =====
Change Dir: C:/Users/arinz/Desktop/2016-2017/Projects/Github/PersonalProjects/Post_MASLAB_Play/Classifiers/Blocks/opencv/build/CMakeFiles/CMakeTmp

Run Build Command:"C:/Users/arinz/Desktop/WinPython-64bit-2.7.10.3/python-2.7.10.amd64/Scripts/mingw32-make.exe" "cmTC_042e4/fast"
C:/Users/arinz/Desktop/WinPython-64bit-2.7.10.3/python-2.7.10.amd64/share/mingwpy/bin/mingw32-make -f CMakeFiles\cmTC_042e4.dir\build.make CMakeFiles/cmTC_042e4.dir/build
mingw32-make[1]: Entering directory 'C:/Users/arinz/Desktop/2016-2017/Projects/Github/PersonalProjects/Post_MASLAB_Play/Classifiers/Blocks/opencv/build/CMakeFiles/CMakeTmp'
Building CXX object CMakeFiles/cmTC_042e4.dir/cxx11.cpp.obj
C:\Users\arinz\Desktop\WinPython-64bit-2.7.10.3\python-2.7.10.amd64\Scripts\g++.exe     -o CMakeFiles\cmTC_042e4.dir\cxx11.cpp.obj -c C:\Users\arinz\Desktop\2016-2017\Projects\Github\PersonalProjects\Post_MASLAB_Play\Classifiers\Blocks\opencv\cmake\checks\cxx11.cpp
C:\Users\arinz\Desktop\2016-2017\Projects\Github\PersonalProjects\Post_MASLAB_Play\Classifiers\Blocks\opencv\cmake\checks\cxx11.cpp:4:2: error: #error "C++11 is not supported"
 #error "C++11 is not supported"
  ^
C:\Users\arinz\Desktop\2016-2017\Projects\Github\PersonalProjects\Post_MASLAB_Play\Classifiers\Blocks\opencv\cmake\checks\cxx11.cpp: In function 'int main()':
C:\Users\arinz\Desktop\2016-2017\Projects\Github\PersonalProjects\Post_MASLAB_Play\Classifiers\Blocks\opencv\cmake\checks\cxx11.cpp:11:10: error: 'res' does not name a type
     auto res = test();
          ^
C:\Users\arinz\Desktop\2016-2017\Projects\Github\PersonalProjects\Post_MASLAB_Play\Classifiers\Blocks\opencv\cmake\checks\cxx11.cpp:12:12: error: 'res' was not declared in this scope
     return res;
            ^
CMakeFiles\cmTC_042e4.dir\build.make:64: recipe for target 'CMakeFiles/cmTC_042e4.dir/cxx11.cpp.obj' failed
mingw32-make[1]: *** [CMakeFiles/cmTC_042e4.dir/cxx11.cpp.obj] Error 1
mingw32-make[1]: Leaving directory 'C:/Users/arinz/Desktop/2016-2017/Projects/Github/PersonalProjects/Post_MASLAB_Play/Classifiers/Blocks/opencv/build/CMakeFiles/CMakeTmp'
makefile:125: recipe for target 'cmTC_042e4/fast' failed
mingw32-make: *** [cmTC_042e4/fast] Error 2

===== END =====

Build output check failed:
    Regex: 'command line option .* is valid for .* but not for C\+\+'
    Output line: 'cc1plus.exe: warning: command line option '-Wmissing-prototypes' is valid for C/ObjC but not for C++'
Compilation failed:
    source file: 'C:/Users/arinz/Desktop/2016-2017/Projects/Github/PersonalProjects/Post_MASLAB_Play/Classifiers/Blocks/opencv/build/CMakeFiles/CMakeTmp/src.cxx'
    check option: ' -fsigned-char -mstackrealign -W -Wall -Werror=return-type -Werror=non-virtual-dtor -Werror=address -Werror=sequence-point -Wformat -Werror=format-security -Wmissing-declarations  -Wmissing-prototypes'
===== BUILD LOG =====
Change Dir: C:/Users/arinz/Desktop/2016-2017/Projects/Github/PersonalProjects/Post_MASLAB_Play/Classifiers/Blocks/opencv/build/CMakeFiles/CMakeTmp

Run Build Command:"C:/Users/arinz/Desktop/WinPython-64bit-2.7.10.3/python-2.7.10.amd64/Scripts/mingw32-make.exe" "cmTC_a420b/fast"
C:/Users/arinz/Desktop/WinPython-64bit-2.7.10.3/python-2.7.10.amd64/share/mingwpy/bin/mingw32-make -f CMakeFiles\cmTC_a420b.dir\build.make CMakeFiles/cmTC_a420b.dir/build
mingw32-make[1]: Entering directory 'C:/Users/arinz/Desktop/2016-2017/Projects/Github/PersonalProjects/Post_MASLAB_Play/Classifiers/Blocks/opencv/build/CMakeFiles/CMakeTmp'
Building CXX object CMakeFiles/cmTC_a420b.dir/src.cxx.obj
C:\Users\arinz\Desktop\WinPython-64bit-2.7.10.3\python-2.7.10.amd64\Scripts\g++.exe    -O3 -DNDEBUG   -fsigned-char -mstackrealign -W -Wall -Werror=return-type -Werror=non-virtual-dtor -Werror=address -Werror=sequence-point -Wformat -Werror=format-security -Wmissing-declarations -Wmissing-prototypes -o CMakeFiles\cmTC_a420b.dir\src.cxx.obj -c C:\Users\arinz\Desktop\2016-2017\Projects\Github\PersonalProjects\Post_MASLAB_Play\Classifiers\Blocks\opencv\build\CMakeFiles\CMakeTmp\src.cxx
cc1plus.exe: warning: command line option '-Wmissing-prototypes' is valid for C/ObjC but not for C++
C:\Users\arinz\Desktop\2016-2017\Projects\Github\PersonalProjects\Post_MASLAB_Play\Classifiers\Blocks\opencv\build\CMakeFiles\CMakeTmp\src.cxx:1:0: warning: ignoring #pragma   [-Wunknown-pragmas]
 #pragma
 ^
Linking CXX executable cmTC_a420b.exe
C:\Users\arinz\Desktop\WinPython-64bit-2.7.10.3\python-2.7.10.amd64\Lib\site-packages\cmake\data\bin\cmake.exe -E cmake_link_script CMakeFiles\cmTC_a420b.dir\link.txt --verbose=1
C:\Users\arinz\Desktop\WinPython-64bit-2.7.10.3\python-2.7.10.amd64\Lib\site-packages\cmake\data\bin\cmake.exe -E remove -f CMakeFiles\cmTC_a420b.dir/objects.a
C:\Users\arinz\Desktop\WinPython-64bit-2.7.10.3\python-2.7.10.amd64\Scripts\ar.exe cr CMakeFiles\cmTC_a420b.dir/objects.a @CMakeFiles\cmTC_a420b.dir\objects1.rsp
C:\Users\arinz\Desktop\WinPython-64bit-2.7.10.3\python-2.7.10.amd64\Scripts\g++.exe   -O3 -DNDEBUG    -Wl,--whole-archive CMakeFiles\cmTC_a420b.dir/objects.a -Wl,--no-whole-archive  -o cmTC_a420b.exe -Wl,--out-implib,libcmTC_a420b.dll.a -Wl,--major-image-version,0,--minor-image-version,0 @CMakeFiles\cmTC_a420b.dir\linklibs.rsp
mingw32-make[1]: Leaving directory 'C:/Users/arinz/Desktop/2016-2017/Projects/Github/PersonalProjects/Post_MASLAB_Play/Classifiers/Blocks/opencv/build/CMakeFiles/CMakeTmp'

===== END =====

Build output check failed:
    Regex: 'command line option .* is valid for .* but not for C\+\+'
    Output line: 'cc1plus.exe: warning: command line option '-Wstrict-prototypes' is valid for C/ObjC but not for C++'
Compilation failed:
    source file: 'C:/Users/arinz/Desktop/2016-2017/Projects/Github/PersonalProjects/Post_MASLAB_Play/Classifiers/Blocks/opencv/build/CMakeFiles/CMakeTmp/src.cxx'
    check option: ' -fsigned-char -mstackrealign -W -Wall -Werror=return-type -Werror=non-virtual-dtor -Werror=address -Werror=sequence-point -Wformat -Werror=format-security -Wmissing-declarations  -Wstrict-prototypes'
===== BUILD LOG =====
Change Dir: C:/Users/arinz/Desktop/2016-2017/Projects/Github/PersonalProjects/Post_MASLAB_Play/Classifiers/Blocks/opencv/build/CMakeFiles/CMakeTmp

Run Build Command:"C:/Users/arinz/Desktop/WinPython-64bit-2.7.10.3/python-2.7.10.amd64/Scripts/mingw32-make.exe" "cmTC_a3918/fast"
C:/Users/arinz/Desktop/WinPython-64bit-2.7.10.3/python-2.7.10.amd64/share/mingwpy/bin/mingw32-make -f CMakeFiles\cmTC_a3918.dir\build.make CMakeFiles/cmTC_a3918.dir/build
mingw32-make[1]: Entering directory 'C:/Users/arinz/Desktop/2016-2017/Projects/Github/PersonalProjects/Post_MASLAB_Play/Classifiers/Blocks/opencv/build/CMakeFiles/CMakeTmp'
Building CXX object CMakeFiles/cmTC_a3918.dir/src.cxx.obj
C:\Users\arinz\Desktop\WinPython-64bit-2.7.10.3\python-2.7.10.amd64\Scripts\g++.exe    -O3 -DNDEBUG   -fsigned-char -mstackrealign -W -Wall -Werror=return-type -Werror=non-virtual-dtor -Werror=address -Werror=sequence-point -Wformat -Werror=format-security -Wmissing-declarations -Wstrict-prototypes -o CMakeFiles\cmTC_a3918.dir\src.cxx.obj -c C:\Users\arinz\Desktop\2016-2017\Projects\Github\PersonalProjects\Post_MASLAB_Play\Classifiers\Blocks\opencv\build\CMakeFiles\CMakeTmp\src.cxx
cc1plus.exe: warning: command line option '-Wstrict-prototypes' is valid for C/ObjC but not for C++
C:\Users\arinz\Desktop\2016-2017\Projects\Github\PersonalProjects\Post_MASLAB_Play\Classifiers\Blocks\opencv\build\CMakeFiles\CMakeTmp\src.cxx:1:0: warning: ignoring #pragma   [-Wunknown-pragmas]
 #pragma
 ^
Linking CXX executable cmTC_a3918.exe
C:\Users\arinz\Desktop\WinPython-64bit-2.7.10.3\python-2.7.10.amd64\Lib\site-packages\cmake\data\bin\cmake.exe -E cmake_link_script CMakeFiles\cmTC_a3918.dir\link.txt --verbose=1
C:\Users\arinz\Desktop\WinPython-64bit-2.7.10.3\python-2.7.10.amd64\Lib\site-packages\cmake\data\bin\cmake.exe -E remove -f CMakeFiles\cmTC_a3918.dir/objects.a
C:\Users\arinz\Desktop\WinPython-64bit-2.7.10.3\python-2.7.10.amd64\Scripts\ar.exe cr CMakeFiles\cmTC_a3918.dir/objects.a @CMakeFiles\cmTC_a3918.dir\objects1.rsp
C:\Users\arinz\Desktop\WinPython-64bit-2.7.10.3\python-2.7.10.amd64\Scripts\g++.exe   -O3 -DNDEBUG    -Wl,--whole-archive CMakeFiles\cmTC_a3918.dir/objects.a -Wl,--no-whole-archive  -o cmTC_a3918.exe -Wl,--out-implib,libcmTC_a3918.dll.a -Wl,--major-image-version,0,--minor-image-version,0 @CMakeFiles\cmTC_a3918.dir\linklibs.rsp
mingw32-make[1]: Leaving directory 'C:/Users/arinz/Desktop/2016-2017/Projects/Github/PersonalProjects/Post_MASLAB_Play/Classifiers/Blocks/opencv/build/CMakeFiles/CMakeTmp'

===== END =====

Build output check failed:
    Regex: 'command line option .* is valid for .* but not for C'
    Output line: 'cc1.exe: warning: command line option '-Wsign-promo' is valid for C++/ObjC++ but not for C'
Compilation failed:
    source file: 'C:/Users/arinz/Desktop/2016-2017/Projects/Github/PersonalProjects/Post_MASLAB_Play/Classifiers/Blocks/opencv/build/CMakeFiles/CMakeTmp/src.c'
    check option: ' -fsigned-char -mstackrealign -W -Wall -Werror=return-type -Werror=non-virtual-dtor -Werror=address -Werror=sequence-point -Wformat -Werror=format-security -Wmissing-declarations -Wmissing-prototypes -Wstrict-prototypes -Wundef -Winit-self -Wpointer-arith -Wshadow  -Wsign-promo'
===== BUILD LOG =====
Change Dir: C:/Users/arinz/Desktop/2016-2017/Projects/Github/PersonalProjects/Post_MASLAB_Play/Classifiers/Blocks/opencv/build/CMakeFiles/CMakeTmp

Run Build Command:"C:/Users/arinz/Desktop/WinPython-64bit-2.7.10.3/python-2.7.10.amd64/Scripts/mingw32-make.exe" "cmTC_ca347/fast"
C:/Users/arinz/Desktop/WinPython-64bit-2.7.10.3/python-2.7.10.amd64/share/mingwpy/bin/mingw32-make -f CMakeFiles\cmTC_ca347.dir\build.make CMakeFiles/cmTC_ca347.dir/build
mingw32-make[1]: Entering directory 'C:/Users/arinz/Desktop/2016-2017/Projects/Github/PersonalProjects/Post_MASLAB_Play/Classifiers/Blocks/opencv/build/CMakeFiles/CMakeTmp'
Building C object CMakeFiles/cmTC_ca347.dir/src.c.obj
C:\Users\arinz\Desktop\WinPython-64bit-2.7.10.3\python-2.7.10.amd64\Scripts\gcc.exe   -O3 -DNDEBUG   -fsigned-char -mstackrealign -W -Wall -Werror=return-type -Werror=non-virtual-dtor -Werror=address -Werror=sequence-point -Wformat -Werror=format-security -Wmissing-declarations -Wmissing-prototypes -Wstrict-prototypes -Wundef -Winit-self -Wpointer-arith -Wshadow -Wsign-promo -o CMakeFiles\cmTC_ca347.dir\src.c.obj   -c C:\Users\arinz\Desktop\2016-2017\Projects\Github\PersonalProjects\Post_MASLAB_Play\Classifiers\Blocks\opencv\build\CMakeFiles\CMakeTmp\src.c
cc1.exe: warning: command line option '-Wsign-promo' is valid for C++/ObjC++ but not for C
C:\Users\arinz\Desktop\2016-2017\Projects\Github\PersonalProjects\Post_MASLAB_Play\Classifiers\Blocks\opencv\build\CMakeFiles\CMakeTmp\src.c:1:0: warning: ignoring #pragma   [-Wunknown-pragmas]
 #pragma
 ^
Linking C executable cmTC_ca347.exe
C:\Users\arinz\Desktop\WinPython-64bit-2.7.10.3\python-2.7.10.amd64\Lib\site-packages\cmake\data\bin\cmake.exe -E cmake_link_script CMakeFiles\cmTC_ca347.dir\link.txt --verbose=1
C:\Users\arinz\Desktop\WinPython-64bit-2.7.10.3\python-2.7.10.amd64\Lib\site-packages\cmake\data\bin\cmake.exe -E remove -f CMakeFiles\cmTC_ca347.dir/objects.a
C:\Users\arinz\Desktop\WinPython-64bit-2.7.10.3\python-2.7.10.amd64\Scripts\ar.exe cr CMakeFiles\cmTC_ca347.dir/objects.a @CMakeFiles\cmTC_ca347.dir\objects1.rsp
C:\Users\arinz\Desktop\WinPython-64bit-2.7.10.3\python-2.7.10.amd64\Scripts\gcc.exe   -O3 -DNDEBUG    -Wl,--whole-archive CMakeFiles\cmTC_ca347.dir/objects.a -Wl,--no-whole-archive  -o cmTC_ca347.exe -Wl,--out-implib,libcmTC_ca347.dll.a -Wl,--major-image-version,0,--minor-image-version,0 @CMakeFiles\cmTC_ca347.dir\linklibs.rsp
mingw32-make[1]: Leaving directory 'C:/Users/arinz/Desktop/2016-2017/Projects/Github/PersonalProjects/Post_MASLAB_Play/Classifiers/Blocks/opencv/build/CMakeFiles/CMakeTmp'

===== END =====

Build output check failed:
    Regex: 'command line option .* is valid for .* but not for C'
    Output line: 'cc1.exe: warning: command line option '-Wno-delete-non-virtual-dtor' is valid for C++/ObjC++ but not for C'
Compilation failed:
    source file: 'C:/Users/arinz/Desktop/2016-2017/Projects/Github/PersonalProjects/Post_MASLAB_Play/Classifiers/Blocks/opencv/build/CMakeFiles/CMakeTmp/src.c'
    check option: ' -fsigned-char -mstackrealign -W -Wall -Werror=return-type -Werror=non-virtual-dtor -Werror=address -Werror=sequence-point -Wformat -Werror=format-security -Wmissing-declarations -Wmissing-prototypes -Wstrict-prototypes -Wundef -Winit-self -Wpointer-arith -Wshadow -Wuninitialized -Winit-self -Wno-narrowing  -Wno-delete-non-virtual-dtor'
===== BUILD LOG =====
Change Dir: C:/Users/arinz/Desktop/2016-2017/Projects/Github/PersonalProjects/Post_MASLAB_Play/Classifiers/Blocks/opencv/build/CMakeFiles/CMakeTmp

Run Build Command:"C:/Users/arinz/Desktop/WinPython-64bit-2.7.10.3/python-2.7.10.amd64/Scripts/mingw32-make.exe" "cmTC_58577/fast"
C:/Users/arinz/Desktop/WinPython-64bit-2.7.10.3/python-2.7.10.amd64/share/mingwpy/bin/mingw32-make -f CMakeFiles\cmTC_58577.dir\build.make CMakeFiles/cmTC_58577.dir/build
mingw32-make[1]: Entering directory 'C:/Users/arinz/Desktop/2016-2017/Projects/Github/PersonalProjects/Post_MASLAB_Play/Classifiers/Blocks/opencv/build/CMakeFiles/CMakeTmp'
Building C object CMakeFiles/cmTC_58577.dir/src.c.obj
C:\Users\arinz\Desktop\WinPython-64bit-2.7.10.3\python-2.7.10.amd64\Scripts\gcc.exe   -O3 -DNDEBUG   -fsigned-char -mstackrealign -W -Wall -Werror=return-type -Werror=non-virtual-dtor -Werror=address -Werror=sequence-point -Wformat -Werror=format-security -Wmissing-declarations -Wmissing-prototypes -Wstrict-prototypes -Wundef -Winit-self -Wpointer-arith -Wshadow -Wuninitialized -Winit-self -Wno-narrowing -Wno-delete-non-virtual-dtor -o CMakeFiles\cmTC_58577.dir\src.c.obj   -c C:\Users\arinz\Desktop\2016-2017\Projects\Github\PersonalProjects\Post_MASLAB_Play\Classifiers\Blocks\opencv\build\CMakeFiles\CMakeTmp\src.c
cc1.exe: warning: command line option '-Wno-delete-non-virtual-dtor' is valid for C++/ObjC++ but not for C
C:\Users\arinz\Desktop\2016-2017\Projects\Github\PersonalProjects\Post_MASLAB_Play\Classifiers\Blocks\opencv\build\CMakeFiles\CMakeTmp\src.c:1:0: warning: ignoring #pragma   [-Wunknown-pragmas]
 #pragma
 ^
Linking C executable cmTC_58577.exe
C:\Users\arinz\Desktop\WinPython-64bit-2.7.10.3\python-2.7.10.amd64\Lib\site-packages\cmake\data\bin\cmake.exe -E cmake_link_script CMakeFiles\cmTC_58577.dir\link.txt --verbose=1
C:\Users\arinz\Desktop\WinPython-64bit-2.7.10.3\python-2.7.10.amd64\Lib\site-packages\cmake\data\bin\cmake.exe -E remove -f CMakeFiles\cmTC_58577.dir/objects.a
C:\Users\arinz\Desktop\WinPython-64bit-2.7.10.3\python-2.7.10.amd64\Scripts\ar.exe cr CMakeFiles\cmTC_58577.dir/objects.a @CMakeFiles\cmTC_58577.dir\objects1.rsp
C:\Users\arinz\Desktop\WinPython-64bit-2.7.10.3\python-2.7.10.amd64\Scripts\gcc.exe   -O3 -DNDEBUG    -Wl,--whole-archive CMakeFiles\cmTC_58577.dir/objects.a -Wl,--no-whole-archive  -o cmTC_58577.exe -Wl,--out-implib,libcmTC_58577.dll.a -Wl,--major-image-version,0,--minor-image-version,0 @CMakeFiles\cmTC_58577.dir\linklibs.rsp
mingw32-make[1]: Leaving directory 'C:/Users/arinz/Desktop/2016-2017/Projects/Github/PersonalProjects/Post_MASLAB_Play/Classifiers/Blocks/opencv/build/CMakeFiles/CMakeTmp'

===== END =====

Build output check failed:
    Regex: 'unrecognized .*option'
    Output line: 'cc1plus.exe: warning: unrecognized command line option "-Wno-unnamed-type-template-args"'
Compilation failed:
    source file: 'C:/Users/arinz/Desktop/2016-2017/Projects/Github/PersonalProjects/Post_MASLAB_Play/Classifiers/Blocks/opencv/build/CMakeFiles/CMakeTmp/src.cxx'
    check option: ' -fsigned-char -mstackrealign -W -Wall -Werror=return-type -Werror=non-virtual-dtor -Werror=address -Werror=sequence-point -Wformat -Werror=format-security -Wmissing-declarations -Wundef -Winit-self -Wpointer-arith -Wshadow -Wsign-promo -Wuninitialized -Winit-self -Wno-narrowing -Wno-delete-non-virtual-dtor  -Wno-unnamed-type-template-args'
===== BUILD LOG =====
Change Dir: C:/Users/arinz/Desktop/2016-2017/Projects/Github/PersonalProjects/Post_MASLAB_Play/Classifiers/Blocks/opencv/build/CMakeFiles/CMakeTmp

Run Build Command:"C:/Users/arinz/Desktop/WinPython-64bit-2.7.10.3/python-2.7.10.amd64/Scripts/mingw32-make.exe" "cmTC_d7544/fast"
C:/Users/arinz/Desktop/WinPython-64bit-2.7.10.3/python-2.7.10.amd64/share/mingwpy/bin/mingw32-make -f CMakeFiles\cmTC_d7544.dir\build.make CMakeFiles/cmTC_d7544.dir/build
mingw32-make[1]: Entering directory 'C:/Users/arinz/Desktop/2016-2017/Projects/Github/PersonalProjects/Post_MASLAB_Play/Classifiers/Blocks/opencv/build/CMakeFiles/CMakeTmp'
Building CXX object CMakeFiles/cmTC_d7544.dir/src.cxx.obj
C:\Users\arinz\Desktop\WinPython-64bit-2.7.10.3\python-2.7.10.amd64\Scripts\g++.exe    -O3 -DNDEBUG   -fsigned-char -mstackrealign -W -Wall -Werror=return-type -Werror=non-virtual-dtor -Werror=address -Werror=sequence-point -Wformat -Werror=format-security -Wmissing-declarations -Wundef -Winit-self -Wpointer-arith -Wshadow -Wsign-promo -Wuninitialized -Winit-self -Wno-narrowing -Wno-delete-non-virtual-dtor -Wno-unnamed-type-template-args -o CMakeFiles\cmTC_d7544.dir\src.cxx.obj -c C:\Users\arinz\Desktop\2016-2017\Projects\Github\PersonalProjects\Post_MASLAB_Play\Classifiers\Blocks\opencv\build\CMakeFiles\CMakeTmp\src.cxx
C:\Users\arinz\Desktop\2016-2017\Projects\Github\PersonalProjects\Post_MASLAB_Play\Classifiers\Blocks\opencv\build\CMakeFiles\CMakeTmp\src.cxx:1:0: warning: ignoring #pragma   [-Wunknown-pragmas]
 #pragma
 ^
cc1plus.exe: warning: unrecognized command line option "-Wno-unnamed-type-template-args"
Linking CXX executable cmTC_d7544.exe
C:\Users\arinz\Desktop\WinPython-64bit-2.7.10.3\python-2.7.10.amd64\Lib\site-packages\cmake\data\bin\cmake.exe -E cmake_link_script CMakeFiles\cmTC_d7544.dir\link.txt --verbose=1
C:\Users\arinz\Desktop\WinPython-64bit-2.7.10.3\python-2.7.10.amd64\Lib\site-packages\cmake\data\bin\cmake.exe -E remove -f CMakeFiles\cmTC_d7544.dir/objects.a
C:\Users\arinz\Desktop\WinPython-64bit-2.7.10.3\python-2.7.10.amd64\Scripts\ar.exe cr CMakeFiles\cmTC_d7544.dir/objects.a @CMakeFiles\cmTC_d7544.dir\objects1.rsp
C:\Users\arinz\Desktop\WinPython-64bit-2.7.10.3\python-2.7.10.amd64\Scripts\g++.exe   -O3 -DNDEBUG    -Wl,--whole-archive CMakeFiles\cmTC_d7544.dir/objects.a -Wl,--no-whole-archive  -o cmTC_d7544.exe -Wl,--out-implib,libcmTC_d7544.dll.a -Wl,--major-image-version,0,--minor-image-version,0 @CMakeFiles\cmTC_d7544.dir\linklibs.rsp
mingw32-make[1]: Leaving directory 'C:/Users/arinz/Desktop/2016-2017/Projects/Github/PersonalProjects/Post_MASLAB_Play/Classifiers/Blocks/opencv/build/CMakeFiles/CMakeTmp'

===== END =====

Build output check failed:
    Regex: 'unrecognized .*option'
    Output line: 'cc1.exe: warning: unrecognized command line option "-Wno-unnamed-type-template-args"'
Compilation failed:
    source file: 'C:/Users/arinz/Desktop/2016-2017/Projects/Github/PersonalProjects/Post_MASLAB_Play/Classifiers/Blocks/opencv/build/CMakeFiles/CMakeTmp/src.c'
    check option: ' -fsigned-char -mstackrealign -W -Wall -Werror=return-type -Werror=non-virtual-dtor -Werror=address -Werror=sequence-point -Wformat -Werror=format-security -Wmissing-declarations -Wmissing-prototypes -Wstrict-prototypes -Wundef -Winit-self -Wpointer-arith -Wshadow -Wuninitialized -Winit-self -Wno-narrowing  -Wno-unnamed-type-template-args'
===== BUILD LOG =====
Change Dir: C:/Users/arinz/Desktop/2016-2017/Projects/Github/PersonalProjects/Post_MASLAB_Play/Classifiers/Blocks/opencv/build/CMakeFiles/CMakeTmp

Run Build Command:"C:/Users/arinz/Desktop/WinPython-64bit-2.7.10.3/python-2.7.10.amd64/Scripts/mingw32-make.exe" "cmTC_af67f/fast"
C:/Users/arinz/Desktop/WinPython-64bit-2.7.10.3/python-2.7.10.amd64/share/mingwpy/bin/mingw32-make -f CMakeFiles\cmTC_af67f.dir\build.make CMakeFiles/cmTC_af67f.dir/build
mingw32-make[1]: Entering directory 'C:/Users/arinz/Desktop/2016-2017/Projects/Github/PersonalProjects/Post_MASLAB_Play/Classifiers/Blocks/opencv/build/CMakeFiles/CMakeTmp'
Building C object CMakeFiles/cmTC_af67f.dir/src.c.obj
C:\Users\arinz\Desktop\WinPython-64bit-2.7.10.3\python-2.7.10.amd64\Scripts\gcc.exe   -O3 -DNDEBUG   -fsigned-char -mstackrealign -W -Wall -Werror=return-type -Werror=non-virtual-dtor -Werror=address -Werror=sequence-point -Wformat -Werror=format-security -Wmissing-declarations -Wmissing-prototypes -Wstrict-prototypes -Wundef -Winit-self -Wpointer-arith -Wshadow -Wuninitialized -Winit-self -Wno-narrowing -Wno-unnamed-type-template-args -o CMakeFiles\cmTC_af67f.dir\src.c.obj   -c C:\Users\arinz\Desktop\2016-2017\Projects\Github\PersonalProjects\Post_MASLAB_Play\Classifiers\Blocks\opencv\build\CMakeFiles\CMakeTmp\src.c
C:\Users\arinz\Desktop\2016-2017\Projects\Github\PersonalProjects\Post_MASLAB_Play\Classifiers\Blocks\opencv\build\CMakeFiles\CMakeTmp\src.c:1:0: warning: ignoring #pragma   [-Wunknown-pragmas]
 #pragma
 ^
cc1.exe: warning: unrecognized command line option "-Wno-unnamed-type-template-args"
Linking C executable cmTC_af67f.exe
C:\Users\arinz\Desktop\WinPython-64bit-2.7.10.3\python-2.7.10.amd64\Lib\site-packages\cmake\data\bin\cmake.exe -E cmake_link_script CMakeFiles\cmTC_af67f.dir\link.txt --verbose=1
C:\Users\arinz\Desktop\WinPython-64bit-2.7.10.3\python-2.7.10.amd64\Lib\site-packages\cmake\data\bin\cmake.exe -E remove -f CMakeFiles\cmTC_af67f.dir/objects.a
C:\Users\arinz\Desktop\WinPython-64bit-2.7.10.3\python-2.7.10.amd64\Scripts\ar.exe cr CMakeFiles\cmTC_af67f.dir/objects.a @CMakeFiles\cmTC_af67f.dir\objects1.rsp
C:\Users\arinz\Desktop\WinPython-64bit-2.7.10.3\python-2.7.10.amd64\Scripts\gcc.exe   -O3 -DNDEBUG    -Wl,--whole-archive CMakeFiles\cmTC_af67f.dir/objects.a -Wl,--no-whole-archive  -o cmTC_af67f.exe -Wl,--out-implib,libcmTC_af67f.dll.a -Wl,--major-image-version,0,--minor-image-version,0 @CMakeFiles\cmTC_af67f.dir\linklibs.rsp
mingw32-make[1]: Leaving directory 'C:/Users/arinz/Desktop/2016-2017/Projects/Github/PersonalProjects/Post_MASLAB_Play/Classifiers/Blocks/opencv/build/CMakeFiles/CMakeTmp'

===== END =====

Build output check failed:
    Regex: 'command line option .* is valid for .* but not for C'
    Output line: 'cc1.exe: warning: command line option '-fvisibility-inlines-hidden' is valid for C++/ObjC++ but not for C'
Compilation failed:
    source file: 'C:/Users/arinz/Desktop/2016-2017/Projects/Github/PersonalProjects/Post_MASLAB_Play/Classifiers/Blocks/opencv/build/CMakeFiles/CMakeTmp/src.c'
    check option: ' -fsigned-char -mstackrealign -W -Wall -Werror=return-type -Werror=non-virtual-dtor -Werror=address -Werror=sequence-point -Wformat -Werror=format-security -Wmissing-declarations -Wmissing-prototypes -Wstrict-prototypes -Wundef -Winit-self -Wpointer-arith -Wshadow -Wuninitialized -Winit-self -Wno-narrowing -Wno-comment -fdiagnostics-show-option -Wno-long-long -fomit-frame-pointer -ffunction-sections  -msse -msse2 -msse3 -fvisibility=hidden  -fvisibility-inlines-hidden'
===== BUILD LOG =====
Change Dir: C:/Users/arinz/Desktop/2016-2017/Projects/Github/PersonalProjects/Post_MASLAB_Play/Classifiers/Blocks/opencv/build/CMakeFiles/CMakeTmp

Run Build Command:"C:/Users/arinz/Desktop/WinPython-64bit-2.7.10.3/python-2.7.10.amd64/Scripts/mingw32-make.exe" "cmTC_bea8f/fast"
C:/Users/arinz/Desktop/WinPython-64bit-2.7.10.3/python-2.7.10.amd64/share/mingwpy/bin/mingw32-make -f CMakeFiles\cmTC_bea8f.dir\build.make CMakeFiles/cmTC_bea8f.dir/build
mingw32-make[1]: Entering directory 'C:/Users/arinz/Desktop/2016-2017/Projects/Github/PersonalProjects/Post_MASLAB_Play/Classifiers/Blocks/opencv/build/CMakeFiles/CMakeTmp'
Building C object CMakeFiles/cmTC_bea8f.dir/src.c.obj
C:\Users\arinz\Desktop\WinPython-64bit-2.7.10.3\python-2.7.10.amd64\Scripts\gcc.exe   -O3 -DNDEBUG   -fsigned-char -mstackrealign -W -Wall -Werror=return-type -Werror=non-virtual-dtor -Werror=address -Werror=sequence-point -Wformat -Werror=format-security -Wmissing-declarations -Wmissing-prototypes -Wstrict-prototypes -Wundef -Winit-self -Wpointer-arith -Wshadow -Wuninitialized -Winit-self -Wno-narrowing -Wno-comment -fdiagnostics-show-option -Wno-long-long -fomit-frame-pointer -ffunction-sections -msse -msse2 -msse3 -fvisibility=hidden -fvisibility-inlines-hidden -o CMakeFiles\cmTC_bea8f.dir\src.c.obj   -c C:\Users\arinz\Desktop\2016-2017\Projects\Github\PersonalProjects\Post_MASLAB_Play\Classifiers\Blocks\opencv\build\CMakeFiles\CMakeTmp\src.c
cc1.exe: warning: command line option '-fvisibility-inlines-hidden' is valid for C++/ObjC++ but not for C
C:\Users\arinz\Desktop\2016-2017\Projects\Github\PersonalProjects\Post_MASLAB_Play\Classifiers\Blocks\opencv\build\CMakeFiles\CMakeTmp\src.c:1:0: warning: ignoring #pragma   [-Wunknown-pragmas]
 #pragma
 ^
Linking C executable cmTC_bea8f.exe
C:\Users\arinz\Desktop\WinPython-64bit-2.7.10.3\python-2.7.10.amd64\Lib\site-packages\cmake\data\bin\cmake.exe -E cmake_link_script CMakeFiles\cmTC_bea8f.dir\link.txt --verbose=1
C:\Users\arinz\Desktop\WinPython-64bit-2.7.10.3\python-2.7.10.amd64\Lib\site-packages\cmake\data\bin\cmake.exe -E remove -f CMakeFiles\cmTC_bea8f.dir/objects.a
C:\Users\arinz\Desktop\WinPython-64bit-2.7.10.3\python-2.7.10.amd64\Scripts\ar.exe cr CMakeFiles\cmTC_bea8f.dir/objects.a @CMakeFiles\cmTC_bea8f.dir\objects1.rsp
C:\Users\arinz\Desktop\WinPython-64bit-2.7.10.3\python-2.7.10.amd64\Scripts\gcc.exe   -O3 -DNDEBUG    -Wl,--whole-archive CMakeFiles\cmTC_bea8f.dir/objects.a -Wl,--no-whole-archive  -o cmTC_bea8f.exe -Wl,--out-implib,libcmTC_bea8f.dll.a -Wl,--major-image-version,0,--minor-image-version,0 @CMakeFiles\cmTC_bea8f.dir\linklibs.rsp
mingw32-make[1]: Leaving directory 'C:/Users/arinz/Desktop/2016-2017/Projects/Github/PersonalProjects/Post_MASLAB_Play/Classifiers/Blocks/opencv/build/CMakeFiles/CMakeTmp'

===== END =====

Build output check failed:
    Regex: 'unrecognized .*option'
    Output line: 'cc1.exe: warning: unrecognized command line option "-Wno-shorten-64-to-32"'
Compilation failed:
    source file: 'C:/Users/arinz/Desktop/2016-2017/Projects/Github/PersonalProjects/Post_MASLAB_Play/Classifiers/Blocks/opencv/build/CMakeFiles/CMakeTmp/src.c'
    check option: ' -Wno-shorten-64-to-32'
===== BUILD LOG =====
Change Dir: C:/Users/arinz/Desktop/2016-2017/Projects/Github/PersonalProjects/Post_MASLAB_Play/Classifiers/Blocks/opencv/build/CMakeFiles/CMakeTmp

Run Build Command:"C:/Users/arinz/Desktop/WinPython-64bit-2.7.10.3/python-2.7.10.amd64/Scripts/mingw32-make.exe" "cmTC_f079d/fast"
C:/Users/arinz/Desktop/WinPython-64bit-2.7.10.3/python-2.7.10.amd64/share/mingwpy/bin/mingw32-make -f CMakeFiles\cmTC_f079d.dir\build.make CMakeFiles/cmTC_f079d.dir/build
mingw32-make[1]: Entering directory 'C:/Users/arinz/Desktop/2016-2017/Projects/Github/PersonalProjects/Post_MASLAB_Play/Classifiers/Blocks/opencv/build/CMakeFiles/CMakeTmp'
Building C object CMakeFiles/cmTC_f079d.dir/src.c.obj
C:\Users\arinz\Desktop\WinPython-64bit-2.7.10.3\python-2.7.10.amd64\Scripts\gcc.exe   -fsigned-char -mstackrealign -W -Wall -Werror=return-type -Werror=non-virtual-dtor -Werror=address -Werror=sequence-point -Wformat -Werror=format-security -Wmissing-declarations -Wmissing-prototypes -Wstrict-prototypes -Wundef -Winit-self -Wpointer-arith -Wshadow -Wuninitialized -Winit-self -Wno-narrowing -Wno-comment -fdiagnostics-show-option -Wno-long-long -fomit-frame-pointer -ffunction-sections  -msse -msse2 -msse3 -fvisibility=hidden  -O3 -DNDEBUG   -Wno-shorten-64-to-32 -o CMakeFiles\cmTC_f079d.dir\src.c.obj   -c C:\Users\arinz\Desktop\2016-2017\Projects\Github\PersonalProjects\Post_MASLAB_Play\Classifiers\Blocks\opencv\build\CMakeFiles\CMakeTmp\src.c
C:\Users\arinz\Desktop\2016-2017\Projects\Github\PersonalProjects\Post_MASLAB_Play\Classifiers\Blocks\opencv\build\CMakeFiles\CMakeTmp\src.c:1:0: warning: ignoring #pragma   [-Wunknown-pragmas]
 #pragma
 ^
cc1.exe: warning: unrecognized command line option "-Wno-shorten-64-to-32"
Linking C executable cmTC_f079d.exe
C:\Users\arinz\Desktop\WinPython-64bit-2.7.10.3\python-2.7.10.amd64\Lib\site-packages\cmake\data\bin\cmake.exe -E cmake_link_script CMakeFiles\cmTC_f079d.dir\link.txt --verbose=1
C:\Users\arinz\Desktop\WinPython-64bit-2.7.10.3\python-2.7.10.amd64\Lib\site-packages\cmake\data\bin\cmake.exe -E remove -f CMakeFiles\cmTC_f079d.dir/objects.a
C:\Users\arinz\Desktop\WinPython-64bit-2.7.10.3\python-2.7.10.amd64\Scripts\ar.exe cr CMakeFiles\cmTC_f079d.dir/objects.a @CMakeFiles\cmTC_f079d.dir\objects1.rsp
C:\Users\arinz\Desktop\WinPython-64bit-2.7.10.3\python-2.7.10.amd64\Scripts\gcc.exe    -fsigned-char -mstackrealign -W -Wall -Werror=return-type -Werror=non-virtual-dtor -Werror=address -Werror=sequence-point -Wformat -Werror=format-security -Wmissing-declarations -Wmissing-prototypes -Wstrict-prototypes -Wundef -Winit-self -Wpointer-arith -Wshadow -Wuninitialized -Winit-self -Wno-narrowing -Wno-comment -fdiagnostics-show-option -Wno-long-long -fomit-frame-pointer -ffunction-sections  -msse -msse2 -msse3 -fvisibility=hidden  -O3 -DNDEBUG     -Wl,--whole-archive CMakeFiles\cmTC_f079d.dir/objects.a -Wl,--no-whole-archive  -o cmTC_f079d.exe -Wl,--out-implib,libcmTC_f079d.dll.a -Wl,--major-image-version,0,--minor-image-version,0 @CMakeFiles\cmTC_f079d.dir\linklibs.rsp
mingw32-make[1]: Leaving directory 'C:/Users/arinz/Desktop/2016-2017/Projects/Github/PersonalProjects/Post_MASLAB_Play/Classifiers/Blocks/opencv/build/CMakeFiles/CMakeTmp'

===== END =====

Build output check failed:
    Regex: 'unrecognized .*option'
    Output line: 'cc1.exe: warning: unrecognized command line option "-Wno-shift-negative-value"'
Compilation failed:
    source file: 'C:/Users/arinz/Desktop/2016-2017/Projects/Github/PersonalProjects/Post_MASLAB_Play/Classifiers/Blocks/opencv/build/CMakeFiles/CMakeTmp/src.c'
    check option: ' -Wno-shift-negative-value'
===== BUILD LOG =====
Change Dir: C:/Users/arinz/Desktop/2016-2017/Projects/Github/PersonalProjects/Post_MASLAB_Play/Classifiers/Blocks/opencv/build/CMakeFiles/CMakeTmp

Run Build Command:"C:/Users/arinz/Desktop/WinPython-64bit-2.7.10.3/python-2.7.10.amd64/Scripts/mingw32-make.exe" "cmTC_3de36/fast"
C:/Users/arinz/Desktop/WinPython-64bit-2.7.10.3/python-2.7.10.amd64/share/mingwpy/bin/mingw32-make -f CMakeFiles\cmTC_3de36.dir\build.make CMakeFiles/cmTC_3de36.dir/build
mingw32-make[1]: Entering directory 'C:/Users/arinz/Desktop/2016-2017/Projects/Github/PersonalProjects/Post_MASLAB_Play/Classifiers/Blocks/opencv/build/CMakeFiles/CMakeTmp'
Building C object CMakeFiles/cmTC_3de36.dir/src.c.obj
C:\Users\arinz\Desktop\WinPython-64bit-2.7.10.3\python-2.7.10.amd64\Scripts\gcc.exe   -fsigned-char -mstackrealign -W -Wall -Werror=return-type -Werror=non-virtual-dtor -Werror=address -Werror=sequence-point -Wformat -Werror=format-security    -Wundef -Winit-self -Wpointer-arith -Wshadow -Wuninitialized -Winit-self -Wno-narrowing -Wno-comment -fdiagnostics-show-option -Wno-long-long -fomit-frame-pointer -ffunction-sections  -msse -msse2 -msse3 -fvisibility=hidden -Wno-attributes -Wno-strict-prototypes -Wno-missing-prototypes -Wno-missing-declarations  -O3 -DNDEBUG   -Wno-shift-negative-value -o CMakeFiles\cmTC_3de36.dir\src.c.obj   -c C:\Users\arinz\Desktop\2016-2017\Projects\Github\PersonalProjects\Post_MASLAB_Play\Classifiers\Blocks\opencv\build\CMakeFiles\CMakeTmp\src.c
C:\Users\arinz\Desktop\2016-2017\Projects\Github\PersonalProjects\Post_MASLAB_Play\Classifiers\Blocks\opencv\build\CMakeFiles\CMakeTmp\src.c:1:0: warning: ignoring #pragma   [-Wunknown-pragmas]
 #pragma
 ^
cc1.exe: warning: unrecognized command line option "-Wno-shift-negative-value"
Linking C executable cmTC_3de36.exe
C:\Users\arinz\Desktop\WinPython-64bit-2.7.10.3\python-2.7.10.amd64\Lib\site-packages\cmake\data\bin\cmake.exe -E cmake_link_script CMakeFiles\cmTC_3de36.dir\link.txt --verbose=1
C:\Users\arinz\Desktop\WinPython-64bit-2.7.10.3\python-2.7.10.amd64\Lib\site-packages\cmake\data\bin\cmake.exe -E remove -f CMakeFiles\cmTC_3de36.dir/objects.a
C:\Users\arinz\Desktop\WinPython-64bit-2.7.10.3\python-2.7.10.amd64\Scripts\ar.exe cr CMakeFiles\cmTC_3de36.dir/objects.a @CMakeFiles\cmTC_3de36.dir\objects1.rsp
C:\Users\arinz\Desktop\WinPython-64bit-2.7.10.3\python-2.7.10.amd64\Scripts\gcc.exe    -fsigned-char -mstackrealign -W -Wall -Werror=return-type -Werror=non-virtual-dtor -Werror=address -Werror=sequence-point -Wformat -Werror=format-security    -Wundef -Winit-self -Wpointer-arith -Wshadow -Wuninitialized -Winit-self -Wno-narrowing -Wno-comment -fdiagnostics-show-option -Wno-long-long -fomit-frame-pointer -ffunction-sections  -msse -msse2 -msse3 -fvisibility=hidden -Wno-attributes -Wno-strict-prototypes -Wno-missing-prototypes -Wno-missing-declarations  -O3 -DNDEBUG     -Wl,--whole-archive CMakeFiles\cmTC_3de36.dir/objects.a -Wl,--no-whole-archive  -o cmTC_3de36.exe -Wl,--out-implib,libcmTC_3de36.dll.a -Wl,--major-image-version,0,--minor-image-version,0 @CMakeFiles\cmTC_3de36.dir\linklibs.rsp
mingw32-make[1]: Leaving directory 'C:/Users/arinz/Desktop/2016-2017/Projects/Github/PersonalProjects/Post_MASLAB_Play/Classifiers/Blocks/opencv/build/CMakeFiles/CMakeTmp'

===== END =====

Determining if the function jbg_newlen exists failed with the following output:
Change Dir: C:/Users/arinz/Desktop/2016-2017/Projects/Github/PersonalProjects/Post_MASLAB_Play/Classifiers/Blocks/opencv/build/CMakeFiles/CMakeTmp

Run Build Command:"C:/Users/arinz/Desktop/WinPython-64bit-2.7.10.3/python-2.7.10.amd64/Scripts/mingw32-make.exe" "cmTC_47db1/fast"
C:/Users/arinz/Desktop/WinPython-64bit-2.7.10.3/python-2.7.10.amd64/share/mingwpy/bin/mingw32-make -f CMakeFiles\cmTC_47db1.dir\build.make CMakeFiles/cmTC_47db1.dir/build
mingw32-make[1]: Entering directory 'C:/Users/arinz/Desktop/2016-2017/Projects/Github/PersonalProjects/Post_MASLAB_Play/Classifiers/Blocks/opencv/build/CMakeFiles/CMakeTmp'
Building C object CMakeFiles/cmTC_47db1.dir/CheckFunctionExists.c.obj
C:\Users\arinz\Desktop\WinPython-64bit-2.7.10.3\python-2.7.10.amd64\Scripts\gcc.exe   -fsigned-char -mstackrealign -W -Wall -Werror=return-type -Werror=non-virtual-dtor -Werror=address -Werror=sequence-point -Wformat -Werror=format-security -Wmissing-declarations -Wmissing-prototypes -Wstrict-prototypes -Wundef -Winit-self -Wpointer-arith -Wshadow -Wuninitialized -Winit-self -Wno-narrowing -Wno-comment -fdiagnostics-show-option -Wno-long-long -fomit-frame-pointer -ffunction-sections  -msse -msse2 -msse3 -fvisibility=hidden -DCHECK_FUNCTION_EXISTS=jbg_newlen -O3 -DNDEBUG   -o CMakeFiles\cmTC_47db1.dir\CheckFunctionExists.c.obj   -c C:\Users\arinz\Desktop\WinPython-64bit-2.7.10.3\python-2.7.10.amd64\Lib\site-packages\cmake\data\share\cmake-3.9\Modules\CheckFunctionExists.c
Linking C executable cmTC_47db1.exe
C:\Users\arinz\Desktop\WinPython-64bit-2.7.10.3\python-2.7.10.amd64\Lib\site-packages\cmake\data\bin\cmake.exe -E cmake_link_script CMakeFiles\cmTC_47db1.dir\link.txt --verbose=1
C:\Users\arinz\Desktop\WinPython-64bit-2.7.10.3\python-2.7.10.amd64\Lib\site-packages\cmake\data\bin\cmake.exe -E remove -f CMakeFiles\cmTC_47db1.dir/objects.a
C:\Users\arinz\Desktop\WinPython-64bit-2.7.10.3\python-2.7.10.amd64\Scripts\ar.exe cr CMakeFiles\cmTC_47db1.dir/objects.a @CMakeFiles\cmTC_47db1.dir\objects1.rsp
C:\Users\arinz\Desktop\WinPython-64bit-2.7.10.3\python-2.7.10.amd64\Scripts\gcc.exe    -fsigned-char -mstackrealign -W -Wall -Werror=return-type -Werror=non-virtual-dtor -Werror=address -Werror=sequence-point -Wformat -Werror=format-security -Wmissing-declarations -Wmissing-prototypes -Wstrict-prototypes -Wundef -Winit-self -Wpointer-arith -Wshadow -Wuninitialized -Winit-self -Wno-narrowing -Wno-comment -fdiagnostics-show-option -Wno-long-long -fomit-frame-pointer -ffunction-sections  -msse -msse2 -msse3 -fvisibility=hidden -DCHECK_FUNCTION_EXISTS=jbg_newlen -O3 -DNDEBUG     -Wl,--whole-archive CMakeFiles\cmTC_47db1.dir/objects.a -Wl,--no-whole-archive  -o cmTC_47db1.exe -Wl,--out-implib,libcmTC_47db1.dll.a -Wl,--major-image-version,0,--minor-image-version,0 @CMakeFiles\cmTC_47db1.dir\linklibs.rsp
CMakeFiles\cmTC_47db1.dir/objects.a(CheckFunctionExists.c.obj):CheckFunctionExists.c:(.text.startup.main+0x11): undefined reference to `jbg_newlen'
collect2.exe: error: ld returned 1 exit status
CMakeFiles\cmTC_47db1.dir\build.make:98: recipe for target 'cmTC_47db1.exe' failed
mingw32-make[1]: *** [cmTC_47db1.exe] Error 1
mingw32-make[1]: Leaving directory 'C:/Users/arinz/Desktop/2016-2017/Projects/Github/PersonalProjects/Post_MASLAB_Play/Classifiers/Blocks/opencv/build/CMakeFiles/CMakeTmp'
makefile:125: recipe for target 'cmTC_47db1/fast' failed
mingw32-make: *** [cmTC_47db1/fast] Error 2


Determining if the function mmap exists failed with the following output:
Change Dir: C:/Users/arinz/Desktop/2016-2017/Projects/Github/PersonalProjects/Post_MASLAB_Play/Classifiers/Blocks/opencv/build/CMakeFiles/CMakeTmp

Run Build Command:"C:/Users/arinz/Desktop/WinPython-64bit-2.7.10.3/python-2.7.10.amd64/Scripts/mingw32-make.exe" "cmTC_0ec18/fast"
C:/Users/arinz/Desktop/WinPython-64bit-2.7.10.3/python-2.7.10.amd64/share/mingwpy/bin/mingw32-make -f CMakeFiles\cmTC_0ec18.dir\build.make CMakeFiles/cmTC_0ec18.dir/build
mingw32-make[1]: Entering directory 'C:/Users/arinz/Desktop/2016-2017/Projects/Github/PersonalProjects/Post_MASLAB_Play/Classifiers/Blocks/opencv/build/CMakeFiles/CMakeTmp'
Building C object CMakeFiles/cmTC_0ec18.dir/CheckFunctionExists.c.obj
C:\Users\arinz\Desktop\WinPython-64bit-2.7.10.3\python-2.7.10.amd64\Scripts\gcc.exe   -fsigned-char -mstackrealign -W -Wall -Werror=return-type -Werror=non-virtual-dtor -Werror=address -Werror=sequence-point -Wformat -Werror=format-security -Wmissing-declarations -Wmissing-prototypes -Wstrict-prototypes -Wundef -Winit-self -Wpointer-arith -Wshadow -Wuninitialized -Winit-self -Wno-narrowing -Wno-comment -fdiagnostics-show-option -Wno-long-long -fomit-frame-pointer -ffunction-sections  -msse -msse2 -msse3 -fvisibility=hidden -DCHECK_FUNCTION_EXISTS=mmap -O3 -DNDEBUG   -o CMakeFiles\cmTC_0ec18.dir\CheckFunctionExists.c.obj   -c C:\Users\arinz\Desktop\WinPython-64bit-2.7.10.3\python-2.7.10.amd64\Lib\site-packages\cmake\data\share\cmake-3.9\Modules\CheckFunctionExists.c
Linking C executable cmTC_0ec18.exe
C:\Users\arinz\Desktop\WinPython-64bit-2.7.10.3\python-2.7.10.amd64\Lib\site-packages\cmake\data\bin\cmake.exe -E cmake_link_script CMakeFiles\cmTC_0ec18.dir\link.txt --verbose=1
C:\Users\arinz\Desktop\WinPython-64bit-2.7.10.3\python-2.7.10.amd64\Lib\site-packages\cmake\data\bin\cmake.exe -E remove -f CMakeFiles\cmTC_0ec18.dir/objects.a
C:\Users\arinz\Desktop\WinPython-64bit-2.7.10.3\python-2.7.10.amd64\Scripts\ar.exe cr CMakeFiles\cmTC_0ec18.dir/objects.a @CMakeFiles\cmTC_0ec18.dir\objects1.rsp
C:\Users\arinz\Desktop\WinPython-64bit-2.7.10.3\python-2.7.10.amd64\Scripts\gcc.exe    -fsigned-char -mstackrealign -W -Wall -Werror=return-type -Werror=non-virtual-dtor -Werror=address -Werror=sequence-point -Wformat -Werror=format-security -Wmissing-declarations -Wmissing-prototypes -Wstrict-prototypes -Wundef -Winit-self -Wpointer-arith -Wshadow -Wuninitialized -Winit-self -Wno-narrowing -Wno-comment -fdiagnostics-show-option -Wno-long-long -fomit-frame-pointer -ffunction-sections  -msse -msse2 -msse3 -fvisibility=hidden -DCHECK_FUNCTION_EXISTS=mmap -O3 -DNDEBUG     -Wl,--whole-archive CMakeFiles\cmTC_0ec18.dir/objects.a -Wl,--no-whole-archive  -o cmTC_0ec18.exe -Wl,--out-implib,libcmTC_0ec18.dll.a -Wl,--major-image-version,0,--minor-image-version,0 @CMakeFiles\cmTC_0ec18.dir\linklibs.rsp
CMakeFiles\cmTC_0ec18.dir/objects.a(CheckFunctionExists.c.obj):CheckFunctionExists.c:(.text.startup.main+0x11): undefined reference to `mmap'
collect2.exe: error: ld returned 1 exit status
CMakeFiles\cmTC_0ec18.dir\build.make:98: recipe for target 'cmTC_0ec18.exe' failed
mingw32-make[1]: *** [cmTC_0ec18.exe] Error 1
mingw32-make[1]: Leaving directory 'C:/Users/arinz/Desktop/2016-2017/Projects/Github/PersonalProjects/Post_MASLAB_Play/Classifiers/Blocks/opencv/build/CMakeFiles/CMakeTmp'
makefile:125: recipe for target 'cmTC_0ec18/fast' failed
mingw32-make: *** [cmTC_0ec18/fast] Error 2


Build output check failed:
    Regex: 'unrecognized .*option'
    Output line: 'cc1.exe: warning: unrecognized command line option "-Wno-misleading-indentation"'
Compilation failed:
    source file: 'C:/Users/arinz/Desktop/2016-2017/Projects/Github/PersonalProjects/Post_MASLAB_Play/Classifiers/Blocks/opencv/build/CMakeFiles/CMakeTmp/src.c'
    check option: ' -Wno-misleading-indentation'
===== BUILD LOG =====
Change Dir: C:/Users/arinz/Desktop/2016-2017/Projects/Github/PersonalProjects/Post_MASLAB_Play/Classifiers/Blocks/opencv/build/CMakeFiles/CMakeTmp

Run Build Command:"C:/Users/arinz/Desktop/WinPython-64bit-2.7.10.3/python-2.7.10.amd64/Scripts/mingw32-make.exe" "cmTC_a1658/fast"
C:/Users/arinz/Desktop/WinPython-64bit-2.7.10.3/python-2.7.10.amd64/share/mingwpy/bin/mingw32-make -f CMakeFiles\cmTC_a1658.dir\build.make CMakeFiles/cmTC_a1658.dir/build
mingw32-make[1]: Entering directory 'C:/Users/arinz/Desktop/2016-2017/Projects/Github/PersonalProjects/Post_MASLAB_Play/Classifiers/Blocks/opencv/build/CMakeFiles/CMakeTmp'
Building C object CMakeFiles/cmTC_a1658.dir/src.c.obj
C:\Users\arinz\Desktop\WinPython-64bit-2.7.10.3\python-2.7.10.amd64\Scripts\gcc.exe   -fsigned-char -mstackrealign -W -Wall -Werror=return-type -Werror=non-virtual-dtor -Werror=address -Werror=sequence-point -Wformat -Werror=format-security   -Wstrict-prototypes  -Winit-self -Wpointer-arith  -Wuninitialized -Winit-self -Wno-narrowing -Wno-comment -fdiagnostics-show-option -Wno-long-long -fomit-frame-pointer -ffunction-sections  -msse -msse2 -msse3 -fvisibility=hidden -Wno-unused-but-set-variable -Wno-missing-prototypes -Wno-missing-declarations -Wno-undef -Wno-unused -Wno-sign-compare -Wno-cast-align -Wno-shadow -Wno-maybe-uninitialized -Wno-pointer-to-int-cast -Wno-int-to-pointer-cast  -O3 -DNDEBUG   -Wno-misleading-indentation -o CMakeFiles\cmTC_a1658.dir\src.c.obj   -c C:\Users\arinz\Desktop\2016-2017\Projects\Github\PersonalProjects\Post_MASLAB_Play\Classifiers\Blocks\opencv\build\CMakeFiles\CMakeTmp\src.c
C:\Users\arinz\Desktop\2016-2017\Projects\Github\PersonalProjects\Post_MASLAB_Play\Classifiers\Blocks\opencv\build\CMakeFiles\CMakeTmp\src.c:1:0: warning: ignoring #pragma   [-Wunknown-pragmas]
 #pragma
 ^
cc1.exe: warning: unrecognized command line option "-Wno-misleading-indentation"
Linking C executable cmTC_a1658.exe
C:\Users\arinz\Desktop\WinPython-64bit-2.7.10.3\python-2.7.10.amd64\Lib\site-packages\cmake\data\bin\cmake.exe -E cmake_link_script CMakeFiles\cmTC_a1658.dir\link.txt --verbose=1
C:\Users\arinz\Desktop\WinPython-64bit-2.7.10.3\python-2.7.10.amd64\Lib\site-packages\cmake\data\bin\cmake.exe -E remove -f CMakeFiles\cmTC_a1658.dir/objects.a
C:\Users\arinz\Desktop\WinPython-64bit-2.7.10.3\python-2.7.10.amd64\Scripts\ar.exe cr CMakeFiles\cmTC_a1658.dir/objects.a @CMakeFiles\cmTC_a1658.dir\objects1.rsp
C:\Users\arinz\Desktop\WinPython-64bit-2.7.10.3\python-2.7.10.amd64\Scripts\gcc.exe    -fsigned-char -mstackrealign -W -Wall -Werror=return-type -Werror=non-virtual-dtor -Werror=address -Werror=sequence-point -Wformat -Werror=format-security   -Wstrict-prototypes  -Winit-self -Wpointer-arith  -Wuninitialized -Winit-self -Wno-narrowing -Wno-comment -fdiagnostics-show-option -Wno-long-long -fomit-frame-pointer -ffunction-sections  -msse -msse2 -msse3 -fvisibility=hidden -Wno-unused-but-set-variable -Wno-missing-prototypes -Wno-missing-declarations -Wno-undef -Wno-unused -Wno-sign-compare -Wno-cast-align -Wno-shadow -Wno-maybe-uninitialized -Wno-pointer-to-int-cast -Wno-int-to-pointer-cast  -O3 -DNDEBUG     -Wl,--whole-archive CMakeFiles\cmTC_a1658.dir/objects.a -Wl,--no-whole-archive  -o cmTC_a1658.exe -Wl,--out-implib,libcmTC_a1658.dll.a -Wl,--major-image-version,0,--minor-image-version,0 @CMakeFiles\cmTC_a1658.dir\linklibs.rsp
mingw32-make[1]: Leaving directory 'C:/Users/arinz/Desktop/2016-2017/Projects/Github/PersonalProjects/Post_MASLAB_Play/Classifiers/Blocks/opencv/build/CMakeFiles/CMakeTmp'

===== END =====

Build output check failed:
    Regex: 'unrecognized .*option'
    Output line: 'cc1plus.exe: warning: unrecognized command line option "-Wno-misleading-indentation"'
Compilation failed:
    source file: 'C:/Users/arinz/Desktop/2016-2017/Projects/Github/PersonalProjects/Post_MASLAB_Play/Classifiers/Blocks/opencv/build/CMakeFiles/CMakeTmp/src.cxx'
    check option: ' -Wno-misleading-indentation'
===== BUILD LOG =====
Change Dir: C:/Users/arinz/Desktop/2016-2017/Projects/Github/PersonalProjects/Post_MASLAB_Play/Classifiers/Blocks/opencv/build/CMakeFiles/CMakeTmp

Run Build Command:"C:/Users/arinz/Desktop/WinPython-64bit-2.7.10.3/python-2.7.10.amd64/Scripts/mingw32-make.exe" "cmTC_a284f/fast"
C:/Users/arinz/Desktop/WinPython-64bit-2.7.10.3/python-2.7.10.amd64/share/mingwpy/bin/mingw32-make -f CMakeFiles\cmTC_a284f.dir\build.make CMakeFiles/cmTC_a284f.dir/build
mingw32-make[1]: Entering directory 'C:/Users/arinz/Desktop/2016-2017/Projects/Github/PersonalProjects/Post_MASLAB_Play/Classifiers/Blocks/opencv/build/CMakeFiles/CMakeTmp'
Building CXX object CMakeFiles/cmTC_a284f.dir/src.cxx.obj
C:\Users\arinz\Desktop\WinPython-64bit-2.7.10.3\python-2.7.10.amd64\Scripts\g++.exe    -fsigned-char -mstackrealign -W -Wall -Werror=return-type -Werror=non-virtual-dtor -Werror=address -Werror=sequence-point -Wformat -Werror=format-security   -Winit-self -Wpointer-arith  -Wsign-promo  -Winit-self -Wno-narrowing -Wno-delete-non-virtual-dtor -Wno-comment -fdiagnostics-show-option -Wno-long-long -fomit-frame-pointer -ffunction-sections  -msse -msse2 -msse3 -fvisibility=hidden -fvisibility-inlines-hidden -Wno-shadow -Wno-unused -Wno-sign-compare -Wno-undef -Wno-missing-declarations -Wno-uninitialized -Wno-switch -Wno-parentheses -Wno-array-bounds -Wno-extra -Wno-deprecated-declarations  -O3 -DNDEBUG   -Wno-misleading-indentation -o CMakeFiles\cmTC_a284f.dir\src.cxx.obj -c C:\Users\arinz\Desktop\2016-2017\Projects\Github\PersonalProjects\Post_MASLAB_Play\Classifiers\Blocks\opencv\build\CMakeFiles\CMakeTmp\src.cxx
C:\Users\arinz\Desktop\2016-2017\Projects\Github\PersonalProjects\Post_MASLAB_Play\Classifiers\Blocks\opencv\build\CMakeFiles\CMakeTmp\src.cxx:1:0: warning: ignoring #pragma   [-Wunknown-pragmas]
 #pragma
 ^
cc1plus.exe: warning: unrecognized command line option "-Wno-misleading-indentation"
Linking CXX executable cmTC_a284f.exe
C:\Users\arinz\Desktop\WinPython-64bit-2.7.10.3\python-2.7.10.amd64\Lib\site-packages\cmake\data\bin\cmake.exe -E cmake_link_script CMakeFiles\cmTC_a284f.dir\link.txt --verbose=1
C:\Users\arinz\Desktop\WinPython-64bit-2.7.10.3\python-2.7.10.amd64\Lib\site-packages\cmake\data\bin\cmake.exe -E remove -f CMakeFiles\cmTC_a284f.dir/objects.a
C:\Users\arinz\Desktop\WinPython-64bit-2.7.10.3\python-2.7.10.amd64\Scripts\ar.exe cr CMakeFiles\cmTC_a284f.dir/objects.a @CMakeFiles\cmTC_a284f.dir\objects1.rsp
C:\Users\arinz\Desktop\WinPython-64bit-2.7.10.3\python-2.7.10.amd64\Scripts\g++.exe    -fsigned-char -mstackrealign -W -Wall -Werror=return-type -Werror=non-virtual-dtor -Werror=address -Werror=sequence-point -Wformat -Werror=format-security   -Winit-self -Wpointer-arith  -Wsign-promo  -Winit-self -Wno-narrowing -Wno-delete-non-virtual-dtor -Wno-comment -fdiagnostics-show-option -Wno-long-long -fomit-frame-pointer -ffunction-sections  -msse -msse2 -msse3 -fvisibility=hidden -fvisibility-inlines-hidden -Wno-shadow -Wno-unused -Wno-sign-compare -Wno-undef -Wno-missing-declarations -Wno-uninitialized -Wno-switch -Wno-parentheses -Wno-array-bounds -Wno-extra -Wno-deprecated-declarations  -O3 -DNDEBUG     -Wl,--whole-archive CMakeFiles\cmTC_a284f.dir/objects.a -Wl,--no-whole-archive  -o cmTC_a284f.exe -Wl,--out-implib,libcmTC_a284f.dll.a -Wl,--major-image-version,0,--minor-image-version,0 @CMakeFiles\cmTC_a284f.dir\linklibs.rsp
mingw32-make[1]: Leaving directory 'C:/Users/arinz/Desktop/2016-2017/Projects/Github/PersonalProjects/Post_MASLAB_Play/Classifiers/Blocks/opencv/build/CMakeFiles/CMakeTmp'

===== END =====

Determining if the pthread_create exist failed with the following output:
Change Dir: C:/Users/arinz/Desktop/2016-2017/Projects/Github/PersonalProjects/Post_MASLAB_Play/Classifiers/Blocks/opencv/build/CMakeFiles/CMakeTmp

Run Build Command:"C:/Users/arinz/Desktop/WinPython-64bit-2.7.10.3/python-2.7.10.amd64/Scripts/mingw32-make.exe" "cmTC_5cb74/fast"
C:/Users/arinz/Desktop/WinPython-64bit-2.7.10.3/python-2.7.10.amd64/share/mingwpy/bin/mingw32-make -f CMakeFiles\cmTC_5cb74.dir\build.make CMakeFiles/cmTC_5cb74.dir/build
mingw32-make[1]: Entering directory 'C:/Users/arinz/Desktop/2016-2017/Projects/Github/PersonalProjects/Post_MASLAB_Play/Classifiers/Blocks/opencv/build/CMakeFiles/CMakeTmp'
Building C object CMakeFiles/cmTC_5cb74.dir/CheckSymbolExists.c.obj
C:\Users\arinz\Desktop\WinPython-64bit-2.7.10.3\python-2.7.10.amd64\Scripts\gcc.exe   -fsigned-char -mstackrealign -W -Wall -Werror=return-type -Werror=non-virtual-dtor -Werror=address -Werror=sequence-point -Wformat -Werror=format-security -Wmissing-declarations -Wmissing-prototypes -Wstrict-prototypes -Wundef -Winit-self -Wpointer-arith -Wshadow -Wuninitialized -Winit-self -Wno-narrowing -Wno-comment -fdiagnostics-show-option -Wno-long-long -fomit-frame-pointer -ffunction-sections  -msse -msse2 -msse3 -fvisibility=hidden  -O3 -DNDEBUG   -o CMakeFiles\cmTC_5cb74.dir\CheckSymbolExists.c.obj   -c C:\Users\arinz\Desktop\2016-2017\Projects\Github\PersonalProjects\Post_MASLAB_Play\Classifiers\Blocks\opencv\build\CMakeFiles\CMakeTmp\CheckSymbolExists.c
Linking C executable cmTC_5cb74.exe
C:\Users\arinz\Desktop\WinPython-64bit-2.7.10.3\python-2.7.10.amd64\Lib\site-packages\cmake\data\bin\cmake.exe -E cmake_link_script CMakeFiles\cmTC_5cb74.dir\link.txt --verbose=1
C:\Users\arinz\Desktop\WinPython-64bit-2.7.10.3\python-2.7.10.amd64\Lib\site-packages\cmake\data\bin\cmake.exe -E remove -f CMakeFiles\cmTC_5cb74.dir/objects.a
C:\Users\arinz\Desktop\WinPython-64bit-2.7.10.3\python-2.7.10.amd64\Scripts\ar.exe cr CMakeFiles\cmTC_5cb74.dir/objects.a @CMakeFiles\cmTC_5cb74.dir\objects1.rsp
C:\Users\arinz\Desktop\WinPython-64bit-2.7.10.3\python-2.7.10.amd64\Scripts\gcc.exe    -fsigned-char -mstackrealign -W -Wall -Werror=return-type -Werror=non-virtual-dtor -Werror=address -Werror=sequence-point -Wformat -Werror=format-security -Wmissing-declarations -Wmissing-prototypes -Wstrict-prototypes -Wundef -Winit-self -Wpointer-arith -Wshadow -Wuninitialized -Winit-self -Wno-narrowing -Wno-comment -fdiagnostics-show-option -Wno-long-long -fomit-frame-pointer -ffunction-sections  -msse -msse2 -msse3 -fvisibility=hidden  -O3 -DNDEBUG     -Wl,--whole-archive CMakeFiles\cmTC_5cb74.dir/objects.a -Wl,--no-whole-archive  -o cmTC_5cb74.exe -Wl,--out-implib,libcmTC_5cb74.dll.a -Wl,--major-image-version,0,--minor-image-version,0 @CMakeFiles\cmTC_5cb74.dir\linklibs.rsp
CMakeFiles\cmTC_5cb74.dir/objects.a(CheckSymbolExists.c.obj):CheckSymbolExists.c:(.text.startup.main+0x10): undefined reference to `pthread_create'
CMakeFiles\cmTC_5cb74.dir/objects.a(CheckSymbolExists.c.obj):CheckSymbolExists.c:(.rdata$.refptr.pthread_create[.refptr.pthread_create]+0x0): undefined reference to `pthread_create'
collect2.exe: error: ld returned 1 exit status
CMakeFiles\cmTC_5cb74.dir\build.make:98: recipe for target 'cmTC_5cb74.exe' failed
mingw32-make[1]: *** [cmTC_5cb74.exe] Error 1
mingw32-make[1]: Leaving directory 'C:/Users/arinz/Desktop/2016-2017/Projects/Github/PersonalProjects/Post_MASLAB_Play/Classifiers/Blocks/opencv/build/CMakeFiles/CMakeTmp'
makefile:125: recipe for target 'cmTC_5cb74/fast' failed
mingw32-make: *** [cmTC_5cb74/fast] Error 2

File C:/Users/arinz/Desktop/2016-2017/Projects/Github/PersonalProjects/Post_MASLAB_Play/Classifiers/Blocks/opencv/build/CMakeFiles/CMakeTmp/CheckSymbolExists.c:
/* */
#include <pthread.h>

int main(int argc, char** argv)
{
  (void)argv;
#ifndef pthread_create
  return ((int*)(&pthread_create))[argc];
#else
  (void)argc;
  return 0;
#endif
}

Determining if the function pthread_create exists in the pthreads failed with the following output:
Change Dir: C:/Users/arinz/Desktop/2016-2017/Projects/Github/PersonalProjects/Post_MASLAB_Play/Classifiers/Blocks/opencv/build/CMakeFiles/CMakeTmp

Run Build Command:"C:/Users/arinz/Desktop/WinPython-64bit-2.7.10.3/python-2.7.10.amd64/Scripts/mingw32-make.exe" "cmTC_54d29/fast"
C:/Users/arinz/Desktop/WinPython-64bit-2.7.10.3/python-2.7.10.amd64/share/mingwpy/bin/mingw32-make -f CMakeFiles\cmTC_54d29.dir\build.make CMakeFiles/cmTC_54d29.dir/build
mingw32-make[1]: Entering directory 'C:/Users/arinz/Desktop/2016-2017/Projects/Github/PersonalProjects/Post_MASLAB_Play/Classifiers/Blocks/opencv/build/CMakeFiles/CMakeTmp'
Building C object CMakeFiles/cmTC_54d29.dir/CheckFunctionExists.c.obj
C:\Users\arinz\Desktop\WinPython-64bit-2.7.10.3\python-2.7.10.amd64\Scripts\gcc.exe   -fsigned-char -mstackrealign -W -Wall -Werror=return-type -Werror=non-virtual-dtor -Werror=address -Werror=sequence-point -Wformat -Werror=format-security -Wmissing-declarations -Wmissing-prototypes -Wstrict-prototypes -Wundef -Winit-self -Wpointer-arith -Wshadow -Wuninitialized -Winit-self -Wno-narrowing -Wno-comment -fdiagnostics-show-option -Wno-long-long -fomit-frame-pointer -ffunction-sections  -msse -msse2 -msse3 -fvisibility=hidden -DCHECK_FUNCTION_EXISTS=pthread_create -O3 -DNDEBUG   -o CMakeFiles\cmTC_54d29.dir\CheckFunctionExists.c.obj   -c C:\Users\arinz\Desktop\WinPython-64bit-2.7.10.3\python-2.7.10.amd64\Lib\site-packages\cmake\data\share\cmake-3.9\Modules\CheckFunctionExists.c
Linking C executable cmTC_54d29.exe
C:\Users\arinz\Desktop\WinPython-64bit-2.7.10.3\python-2.7.10.amd64\Lib\site-packages\cmake\data\bin\cmake.exe -E cmake_link_script CMakeFiles\cmTC_54d29.dir\link.txt --verbose=1
C:\Users\arinz\Desktop\WinPython-64bit-2.7.10.3\python-2.7.10.amd64\Lib\site-packages\cmake\data\bin\cmake.exe -E remove -f CMakeFiles\cmTC_54d29.dir/objects.a
C:\Users\arinz\Desktop\WinPython-64bit-2.7.10.3\python-2.7.10.amd64\Scripts\ar.exe cr CMakeFiles\cmTC_54d29.dir/objects.a @CMakeFiles\cmTC_54d29.dir\objects1.rsp
C:\Users\arinz\Desktop\WinPython-64bit-2.7.10.3\python-2.7.10.amd64\Scripts\gcc.exe    -fsigned-char -mstackrealign -W -Wall -Werror=return-type -Werror=non-virtual-dtor -Werror=address -Werror=sequence-point -Wformat -Werror=format-security -Wmissing-declarations -Wmissing-prototypes -Wstrict-prototypes -Wundef -Winit-self -Wpointer-arith -Wshadow -Wuninitialized -Winit-self -Wno-narrowing -Wno-comment -fdiagnostics-show-option -Wno-long-long -fomit-frame-pointer -ffunction-sections  -msse -msse2 -msse3 -fvisibility=hidden -DCHECK_FUNCTION_EXISTS=pthread_create -O3 -DNDEBUG     -Wl,--whole-archive CMakeFiles\cmTC_54d29.dir/objects.a -Wl,--no-whole-archive  -o cmTC_54d29.exe -Wl,--out-implib,libcmTC_54d29.dll.a -Wl,--major-image-version,0,--minor-image-version,0 @CMakeFiles\cmTC_54d29.dir\linklibs.rsp
C:/Users/arinz/Desktop/WinPython-64bit-2.7.10.3/python-2.7.10.amd64/share/mingwpy/bin/../lib/gcc/x86_64-w64-mingw32/4.9.2/../../../../x86_64-w64-mingw32/bin/ld.exe: cannot find -lpthreads
collect2.exe: error: ld returned 1 exit status
CMakeFiles\cmTC_54d29.dir\build.make:98: recipe for target 'cmTC_54d29.exe' failed
mingw32-make[1]: *** [cmTC_54d29.exe] Error 1
mingw32-make[1]: Leaving directory 'C:/Users/arinz/Desktop/2016-2017/Projects/Github/PersonalProjects/Post_MASLAB_Play/Classifiers/Blocks/opencv/build/CMakeFiles/CMakeTmp'
makefile:125: recipe for target 'cmTC_54d29/fast' failed
mingw32-make: *** [cmTC_54d29/fast] Error 2


Build output check failed:
    Regex: 'command line option .* is valid for .* but not for C\+\+'
    Output line: 'cc1plus.exe: warning: command line option '-Wno-missing-prototypes' is valid for C/ObjC but not for C++'
Compilation failed:
    source file: 'C:/Users/arinz/Desktop/2016-2017/Projects/Github/PersonalProjects/Post_MASLAB_Play/Classifiers/Blocks/opencv/build/CMakeFiles/CMakeTmp/src.cxx'
    check option: ' -Wno-missing-prototypes'
===== BUILD LOG =====
Change Dir: C:/Users/arinz/Desktop/2016-2017/Projects/Github/PersonalProjects/Post_MASLAB_Play/Classifiers/Blocks/opencv/build/CMakeFiles/CMakeTmp

Run Build Command:"C:/Users/arinz/Desktop/WinPython-64bit-2.7.10.3/python-2.7.10.amd64/Scripts/mingw32-make.exe" "cmTC_ffc6d/fast"
C:/Users/arinz/Desktop/WinPython-64bit-2.7.10.3/python-2.7.10.amd64/share/mingwpy/bin/mingw32-make -f CMakeFiles\cmTC_ffc6d.dir\build.make CMakeFiles/cmTC_ffc6d.dir/build
mingw32-make[1]: Entering directory 'C:/Users/arinz/Desktop/2016-2017/Projects/Github/PersonalProjects/Post_MASLAB_Play/Classifiers/Blocks/opencv/build/CMakeFiles/CMakeTmp'
Building CXX object CMakeFiles/cmTC_ffc6d.dir/src.cxx.obj
C:\Users\arinz\Desktop\WinPython-64bit-2.7.10.3\python-2.7.10.amd64\Scripts\g++.exe    -fsigned-char -mstackrealign -W -Wall -Werror=return-type -Werror=non-virtual-dtor -Werror=address -Werror=sequence-point -Wformat -Werror=format-security -Wmissing-declarations -Wundef -Winit-self -Wpointer-arith -Wshadow -Wsign-promo -Wuninitialized -Winit-self -Wno-narrowing -Wno-delete-non-virtual-dtor -Wno-comment -fdiagnostics-show-option -Wno-long-long -fomit-frame-pointer -ffunction-sections  -msse -msse2 -msse3 -fvisibility=hidden -fvisibility-inlines-hidden -Wno-deprecated  -O3 -DNDEBUG   -Wno-missing-prototypes -o CMakeFiles\cmTC_ffc6d.dir\src.cxx.obj -c C:\Users\arinz\Desktop\2016-2017\Projects\Github\PersonalProjects\Post_MASLAB_Play\Classifiers\Blocks\opencv\build\CMakeFiles\CMakeTmp\src.cxx
cc1plus.exe: warning: command line option '-Wno-missing-prototypes' is valid for C/ObjC but not for C++
C:\Users\arinz\Desktop\2016-2017\Projects\Github\PersonalProjects\Post_MASLAB_Play\Classifiers\Blocks\opencv\build\CMakeFiles\CMakeTmp\src.cxx:1:0: warning: ignoring #pragma   [-Wunknown-pragmas]
 #pragma
 ^
Linking CXX executable cmTC_ffc6d.exe
C:\Users\arinz\Desktop\WinPython-64bit-2.7.10.3\python-2.7.10.amd64\Lib\site-packages\cmake\data\bin\cmake.exe -E cmake_link_script CMakeFiles\cmTC_ffc6d.dir\link.txt --verbose=1
C:\Users\arinz\Desktop\WinPython-64bit-2.7.10.3\python-2.7.10.amd64\Lib\site-packages\cmake\data\bin\cmake.exe -E remove -f CMakeFiles\cmTC_ffc6d.dir/objects.a
C:\Users\arinz\Desktop\WinPython-64bit-2.7.10.3\python-2.7.10.amd64\Scripts\ar.exe cr CMakeFiles\cmTC_ffc6d.dir/objects.a @CMakeFiles\cmTC_ffc6d.dir\objects1.rsp
C:\Users\arinz\Desktop\WinPython-64bit-2.7.10.3\python-2.7.10.amd64\Scripts\g++.exe    -fsigned-char -mstackrealign -W -Wall -Werror=return-type -Werror=non-virtual-dtor -Werror=address -Werror=sequence-point -Wformat -Werror=format-security -Wmissing-declarations -Wundef -Winit-self -Wpointer-arith -Wshadow -Wsign-promo -Wuninitialized -Winit-self -Wno-narrowing -Wno-delete-non-virtual-dtor -Wno-comment -fdiagnostics-show-option -Wno-long-long -fomit-frame-pointer -ffunction-sections  -msse -msse2 -msse3 -fvisibility=hidden -fvisibility-inlines-hidden -Wno-deprecated  -O3 -DNDEBUG     -Wl,--whole-archive CMakeFiles\cmTC_ffc6d.dir/objects.a -Wl,--no-whole-archive  -o cmTC_ffc6d.exe -Wl,--out-implib,libcmTC_ffc6d.dll.a -Wl,--major-image-version,0,--minor-image-version,0 @CMakeFiles\cmTC_ffc6d.dir\linklibs.rsp
mingw32-make[1]: Leaving directory 'C:/Users/arinz/Desktop/2016-2017/Projects/Github/PersonalProjects/Post_MASLAB_Play/Classifiers/Blocks/opencv/build/CMakeFiles/CMakeTmp'

===== END =====

Build output check failed:
    Regex: 'unrecognized .*option'
    Output line: 'cc1plus.exe: warning: unrecognized command line option "-Wno-tautological-undefined-compare"'
Compilation failed:
    source file: 'C:/Users/arinz/Desktop/2016-2017/Projects/Github/PersonalProjects/Post_MASLAB_Play/Classifiers/Blocks/opencv/build/CMakeFiles/CMakeTmp/src.cxx'
    check option: ' -Wno-tautological-undefined-compare'
===== BUILD LOG =====
Change Dir: C:/Users/arinz/Desktop/2016-2017/Projects/Github/PersonalProjects/Post_MASLAB_Play/Classifiers/Blocks/opencv/build/CMakeFiles/CMakeTmp

Run Build Command:"C:/Users/arinz/Desktop/WinPython-64bit-2.7.10.3/python-2.7.10.amd64/Scripts/mingw32-make.exe" "cmTC_4711d/fast"
C:/Users/arinz/Desktop/WinPython-64bit-2.7.10.3/python-2.7.10.amd64/share/mingwpy/bin/mingw32-make -f CMakeFiles\cmTC_4711d.dir\build.make CMakeFiles/cmTC_4711d.dir/build
mingw32-make[1]: Entering directory 'C:/Users/arinz/Desktop/2016-2017/Projects/Github/PersonalProjects/Post_MASLAB_Play/Classifiers/Blocks/opencv/build/CMakeFiles/CMakeTmp'
Building CXX object CMakeFiles/cmTC_4711d.dir/src.cxx.obj
C:\Users\arinz\Desktop\WinPython-64bit-2.7.10.3\python-2.7.10.amd64\Scripts\g++.exe    -fsigned-char -mstackrealign -W -Wall -Werror=return-type -Werror=non-virtual-dtor -Werror=address -Werror=sequence-point -Wformat -Werror=format-security   -Winit-self -Wpointer-arith   -Wuninitialized -Winit-self -Wno-narrowing -Wno-delete-non-virtual-dtor -Wno-comment -fdiagnostics-show-option -Wno-long-long -fomit-frame-pointer -ffunction-sections  -msse -msse2 -msse3 -fvisibility=hidden -fvisibility-inlines-hidden -Wno-deprecated -Wno-missing-declarations -Wno-shadow -Wno-unused-parameter -Wno-unused-local-typedefs -Wno-sign-compare -Wno-sign-promo -Wno-undef  -O3 -DNDEBUG   -Wno-tautological-undefined-compare -o CMakeFiles\cmTC_4711d.dir\src.cxx.obj -c C:\Users\arinz\Desktop\2016-2017\Projects\Github\PersonalProjects\Post_MASLAB_Play\Classifiers\Blocks\opencv\build\CMakeFiles\CMakeTmp\src.cxx
C:\Users\arinz\Desktop\2016-2017\Projects\Github\PersonalProjects\Post_MASLAB_Play\Classifiers\Blocks\opencv\build\CMakeFiles\CMakeTmp\src.cxx:1:0: warning: ignoring #pragma   [-Wunknown-pragmas]
 #pragma
 ^
cc1plus.exe: warning: unrecognized command line option "-Wno-tautological-undefined-compare"
Linking CXX executable cmTC_4711d.exe
C:\Users\arinz\Desktop\WinPython-64bit-2.7.10.3\python-2.7.10.amd64\Lib\site-packages\cmake\data\bin\cmake.exe -E cmake_link_script CMakeFiles\cmTC_4711d.dir\link.txt --verbose=1
C:\Users\arinz\Desktop\WinPython-64bit-2.7.10.3\python-2.7.10.amd64\Lib\site-packages\cmake\data\bin\cmake.exe -E remove -f CMakeFiles\cmTC_4711d.dir/objects.a
C:\Users\arinz\Desktop\WinPython-64bit-2.7.10.3\python-2.7.10.amd64\Scripts\ar.exe cr CMakeFiles\cmTC_4711d.dir/objects.a @CMakeFiles\cmTC_4711d.dir\objects1.rsp
C:\Users\arinz\Desktop\WinPython-64bit-2.7.10.3\python-2.7.10.amd64\Scripts\g++.exe    -fsigned-char -mstackrealign -W -Wall -Werror=return-type -Werror=non-virtual-dtor -Werror=address -Werror=sequence-point -Wformat -Werror=format-security   -Winit-self -Wpointer-arith   -Wuninitialized -Winit-self -Wno-narrowing -Wno-delete-non-virtual-dtor -Wno-comment -fdiagnostics-show-option -Wno-long-long -fomit-frame-pointer -ffunction-sections  -msse -msse2 -msse3 -fvisibility=hidden -fvisibility-inlines-hidden -Wno-deprecated -Wno-missing-declarations -Wno-shadow -Wno-unused-parameter -Wno-unused-local-typedefs -Wno-sign-compare -Wno-sign-promo -Wno-undef  -O3 -DNDEBUG     -Wl,--whole-archive CMakeFiles\cmTC_4711d.dir/objects.a -Wl,--no-whole-archive  -o cmTC_4711d.exe -Wl,--out-implib,libcmTC_4711d.dll.a -Wl,--major-image-version,0,--minor-image-version,0 @CMakeFiles\cmTC_4711d.dir\linklibs.rsp
mingw32-make[1]: Leaving directory 'C:/Users/arinz/Desktop/2016-2017/Projects/Github/PersonalProjects/Post_MASLAB_Play/Classifiers/Blocks/opencv/build/CMakeFiles/CMakeTmp'

===== END =====

Build output check failed:
    Regex: 'unrecognized .*option'
    Output line: 'cc1plus.exe: warning: unrecognized command line option "-Wno-unused-const-variable"'
Compilation failed:
    source file: 'C:/Users/arinz/Desktop/2016-2017/Projects/Github/PersonalProjects/Post_MASLAB_Play/Classifiers/Blocks/opencv/build/CMakeFiles/CMakeTmp/src.cxx'
    check option: ' -Wno-unused-const-variable'
===== BUILD LOG =====
Change Dir: C:/Users/arinz/Desktop/2016-2017/Projects/Github/PersonalProjects/Post_MASLAB_Play/Classifiers/Blocks/opencv/build/CMakeFiles/CMakeTmp

Run Build Command:"C:/Users/arinz/Desktop/WinPython-64bit-2.7.10.3/python-2.7.10.amd64/Scripts/mingw32-make.exe" "cmTC_0a7b9/fast"
C:/Users/arinz/Desktop/WinPython-64bit-2.7.10.3/python-2.7.10.amd64/share/mingwpy/bin/mingw32-make -f CMakeFiles\cmTC_0a7b9.dir\build.make CMakeFiles/cmTC_0a7b9.dir/build
mingw32-make[1]: Entering directory 'C:/Users/arinz/Desktop/2016-2017/Projects/Github/PersonalProjects/Post_MASLAB_Play/Classifiers/Blocks/opencv/build/CMakeFiles/CMakeTmp'
Building CXX object CMakeFiles/cmTC_0a7b9.dir/src.cxx.obj
C:\Users\arinz\Desktop\WinPython-64bit-2.7.10.3\python-2.7.10.amd64\Scripts\g++.exe    -fsigned-char -mstackrealign -W -Wall -Werror=return-type -Werror=non-virtual-dtor -Werror=address -Werror=sequence-point -Wformat -Werror=format-security   -Winit-self -Wpointer-arith   -Wuninitialized -Winit-self -Wno-narrowing -Wno-delete-non-virtual-dtor -Wno-comment -fdiagnostics-show-option -Wno-long-long -fomit-frame-pointer -ffunction-sections  -msse -msse2 -msse3 -fvisibility=hidden -fvisibility-inlines-hidden -Wno-deprecated -Wno-missing-declarations -Wno-shadow -Wno-unused-parameter -Wno-unused-local-typedefs -Wno-sign-compare -Wno-sign-promo -Wno-undef -Wno-ignored-qualifiers -Wno-extra -Wno-unused-function  -O3 -DNDEBUG   -Wno-unused-const-variable -o CMakeFiles\cmTC_0a7b9.dir\src.cxx.obj -c C:\Users\arinz\Desktop\2016-2017\Projects\Github\PersonalProjects\Post_MASLAB_Play\Classifiers\Blocks\opencv\build\CMakeFiles\CMakeTmp\src.cxx
C:\Users\arinz\Desktop\2016-2017\Projects\Github\PersonalProjects\Post_MASLAB_Play\Classifiers\Blocks\opencv\build\CMakeFiles\CMakeTmp\src.cxx:1:0: warning: ignoring #pragma   [-Wunknown-pragmas]
 #pragma
 ^
cc1plus.exe: warning: unrecognized command line option "-Wno-unused-const-variable"
Linking CXX executable cmTC_0a7b9.exe
C:\Users\arinz\Desktop\WinPython-64bit-2.7.10.3\python-2.7.10.amd64\Lib\site-packages\cmake\data\bin\cmake.exe -E cmake_link_script CMakeFiles\cmTC_0a7b9.dir\link.txt --verbose=1
C:\Users\arinz\Desktop\WinPython-64bit-2.7.10.3\python-2.7.10.amd64\Lib\site-packages\cmake\data\bin\cmake.exe -E remove -f CMakeFiles\cmTC_0a7b9.dir/objects.a
C:\Users\arinz\Desktop\WinPython-64bit-2.7.10.3\python-2.7.10.amd64\Scripts\ar.exe cr CMakeFiles\cmTC_0a7b9.dir/objects.a @CMakeFiles\cmTC_0a7b9.dir\objects1.rsp
C:\Users\arinz\Desktop\WinPython-64bit-2.7.10.3\python-2.7.10.amd64\Scripts\g++.exe    -fsigned-char -mstackrealign -W -Wall -Werror=return-type -Werror=non-virtual-dtor -Werror=address -Werror=sequence-point -Wformat -Werror=format-security   -Winit-self -Wpointer-arith   -Wuninitialized -Winit-self -Wno-narrowing -Wno-delete-non-virtual-dtor -Wno-comment -fdiagnostics-show-option -Wno-long-long -fomit-frame-pointer -ffunction-sections  -msse -msse2 -msse3 -fvisibility=hidden -fvisibility-inlines-hidden -Wno-deprecated -Wno-missing-declarations -Wno-shadow -Wno-unused-parameter -Wno-unused-local-typedefs -Wno-sign-compare -Wno-sign-promo -Wno-undef -Wno-ignored-qualifiers -Wno-extra -Wno-unused-function  -O3 -DNDEBUG     -Wl,--whole-archive CMakeFiles\cmTC_0a7b9.dir/objects.a -Wl,--no-whole-archive  -o cmTC_0a7b9.exe -Wl,--out-implib,libcmTC_0a7b9.dll.a -Wl,--major-image-version,0,--minor-image-version,0 @CMakeFiles\cmTC_0a7b9.dir\linklibs.rsp
mingw32-make[1]: Leaving directory 'C:/Users/arinz/Desktop/2016-2017/Projects/Github/PersonalProjects/Post_MASLAB_Play/Classifiers/Blocks/opencv/build/CMakeFiles/CMakeTmp'

===== END =====

Build output check failed:
    Regex: 'unrecognized .*option'
    Output line: 'cc1plus.exe: warning: unrecognized command line option "-Wno-shorten-64-to-32"'
Compilation failed:
    source file: 'C:/Users/arinz/Desktop/2016-2017/Projects/Github/PersonalProjects/Post_MASLAB_Play/Classifiers/Blocks/opencv/build/CMakeFiles/CMakeTmp/src.cxx'
    check option: ' -Wno-shorten-64-to-32'
===== BUILD LOG =====
Change Dir: C:/Users/arinz/Desktop/2016-2017/Projects/Github/PersonalProjects/Post_MASLAB_Play/Classifiers/Blocks/opencv/build/CMakeFiles/CMakeTmp

Run Build Command:"C:/Users/arinz/Desktop/WinPython-64bit-2.7.10.3/python-2.7.10.amd64/Scripts/mingw32-make.exe" "cmTC_30c96/fast"
C:/Users/arinz/Desktop/WinPython-64bit-2.7.10.3/python-2.7.10.amd64/share/mingwpy/bin/mingw32-make -f CMakeFiles\cmTC_30c96.dir\build.make CMakeFiles/cmTC_30c96.dir/build
mingw32-make[1]: Entering directory 'C:/Users/arinz/Desktop/2016-2017/Projects/Github/PersonalProjects/Post_MASLAB_Play/Classifiers/Blocks/opencv/build/CMakeFiles/CMakeTmp'
Building CXX object CMakeFiles/cmTC_30c96.dir/src.cxx.obj
C:\Users\arinz\Desktop\WinPython-64bit-2.7.10.3\python-2.7.10.amd64\Scripts\g++.exe    -fsigned-char -mstackrealign -W -Wall -Werror=return-type -Werror=non-virtual-dtor -Werror=address -Werror=sequence-point -Wformat -Werror=format-security   -Winit-self -Wpointer-arith   -Wuninitialized -Winit-self -Wno-narrowing -Wno-delete-non-virtual-dtor -Wno-comment -fdiagnostics-show-option -Wno-long-long -fomit-frame-pointer -ffunction-sections  -msse -msse2 -msse3 -fvisibility=hidden -fvisibility-inlines-hidden -Wno-deprecated -Wno-missing-declarations -Wno-shadow -Wno-unused-parameter -Wno-unused-local-typedefs -Wno-sign-compare -Wno-sign-promo -Wno-undef -Wno-ignored-qualifiers -Wno-extra -Wno-unused-function  -O3 -DNDEBUG   -Wno-shorten-64-to-32 -o CMakeFiles\cmTC_30c96.dir\src.cxx.obj -c C:\Users\arinz\Desktop\2016-2017\Projects\Github\PersonalProjects\Post_MASLAB_Play\Classifiers\Blocks\opencv\build\CMakeFiles\CMakeTmp\src.cxx
C:\Users\arinz\Desktop\2016-2017\Projects\Github\PersonalProjects\Post_MASLAB_Play\Classifiers\Blocks\opencv\build\CMakeFiles\CMakeTmp\src.cxx:1:0: warning: ignoring #pragma   [-Wunknown-pragmas]
 #pragma
 ^
cc1plus.exe: warning: unrecognized command line option "-Wno-shorten-64-to-32"
Linking CXX executable cmTC_30c96.exe
C:\Users\arinz\Desktop\WinPython-64bit-2.7.10.3\python-2.7.10.amd64\Lib\site-packages\cmake\data\bin\cmake.exe -E cmake_link_script CMakeFiles\cmTC_30c96.dir\link.txt --verbose=1
C:\Users\arinz\Desktop\WinPython-64bit-2.7.10.3\python-2.7.10.amd64\Lib\site-packages\cmake\data\bin\cmake.exe -E remove -f CMakeFiles\cmTC_30c96.dir/objects.a
C:\Users\arinz\Desktop\WinPython-64bit-2.7.10.3\python-2.7.10.amd64\Scripts\ar.exe cr CMakeFiles\cmTC_30c96.dir/objects.a @CMakeFiles\cmTC_30c96.dir\objects1.rsp
C:\Users\arinz\Desktop\WinPython-64bit-2.7.10.3\python-2.7.10.amd64\Scripts\g++.exe    -fsigned-char -mstackrealign -W -Wall -Werror=return-type -Werror=non-virtual-dtor -Werror=address -Werror=sequence-point -Wformat -Werror=format-security   -Winit-self -Wpointer-arith   -Wuninitialized -Winit-self -Wno-narrowing -Wno-delete-non-virtual-dtor -Wno-comment -fdiagnostics-show-option -Wno-long-long -fomit-frame-pointer -ffunction-sections  -msse -msse2 -msse3 -fvisibility=hidden -fvisibility-inlines-hidden -Wno-deprecated -Wno-missing-declarations -Wno-shadow -Wno-unused-parameter -Wno-unused-local-typedefs -Wno-sign-compare -Wno-sign-promo -Wno-undef -Wno-ignored-qualifiers -Wno-extra -Wno-unused-function  -O3 -DNDEBUG     -Wl,--whole-archive CMakeFiles\cmTC_30c96.dir/objects.a -Wl,--no-whole-archive  -o cmTC_30c96.exe -Wl,--out-implib,libcmTC_30c96.dll.a -Wl,--major-image-version,0,--minor-image-version,0 @CMakeFiles\cmTC_30c96.dir\linklibs.rsp
mingw32-make[1]: Leaving directory 'C:/Users/arinz/Desktop/2016-2017/Projects/Github/PersonalProjects/Post_MASLAB_Play/Classifiers/Blocks/opencv/build/CMakeFiles/CMakeTmp'

===== END =====

